<?xml version="1.0" encoding="UTF-8"?><testsuite errors="0" failures="0" name="Login" skipped="0" tests="7" time="14.33" timestamp="2022-12-19 11:55:11"><testcase name="Login with valid url and valid body"/><testcase name="Login with valid url and null body"/><testcase name="Login with valid url and body valid email null password"/><testcase name="Login with valid url and body null email valid password"/><testcase name="Login with valid url and body valid email wrong password"/><testcase name="Login with valid url and body invalid format email"/><testcase name="Login with valid url and body wrong email valid password"/></testsuite>